<?xml version="1.0" encoding="UTF-8"?>
<testng-results ignored="0" total="1" passed="1" failed="0" skipped="0">
  <reporter-output>
  </reporter-output>
  <suite started-at="2021-01-15T17:38:04Z" name="Suite" finished-at="2021-01-15T17:38:41Z" duration-ms="36663">
    <groups>
    </groups>
    <test started-at="2021-01-15T17:38:04Z" name="Test" finished-at="2021-01-15T17:38:41Z" duration-ms="36663">
      <class name="CreateCase.navigateToCase">
        <test-method signature="loginToSalesforce()[pri:0, instance:CreateCase.navigateToCase@62379589]" started-at="2021-01-15T23:08:04Z" name="loginToSalesforce" finished-at="2021-01-15T23:08:41Z" duration-ms="36641" status="PASS">
          <reporter-output>
          </reporter-output>
        </test-method> <!-- loginToSalesforce -->
        <test-method is-config="true" signature="afterSuite()[pri:0, instance:CreateCase.navigateToCase@62379589]" started-at="2021-01-15T23:08:41Z" name="afterSuite" finished-at="2021-01-15T23:08:43Z" duration-ms="2410" status="PASS">
          <reporter-output>
          </reporter-output>
        </test-method> <!-- afterSuite -->
      </class> <!-- CreateCase.navigateToCase -->
    </test> <!-- Test -->
  </suite> <!-- Suite -->
</testng-results>
