<?xml version="1.0" encoding="UTF-8"?>
<testng-results total="1" passed="1" failed="0" skipped="0">
  <reporter-output>
  </reporter-output>
  <suite started-at="2021-01-14T09:59:00Z" name="Suite" finished-at="2021-01-14T09:59:14Z" duration-ms="14221">
    <groups>
    </groups>
    <test started-at="2021-01-14T09:59:00Z" name="Test" finished-at="2021-01-14T09:59:14Z" duration-ms="14221">
      <class name="CreateCase.navigateToCase">
        <test-method signature="loginToSalesforce()[pri:0, instance:CreateCase.navigateToCase@3098cf3b]" started-at="2021-01-14T15:29:00Z" name="loginToSalesforce" finished-at="2021-01-14T15:29:14Z" duration-ms="14197" status="PASS">
          <reporter-output>
          </reporter-output>
        </test-method> <!-- loginToSalesforce -->
        <test-method is-config="true" signature="afterSuite()[pri:0, instance:CreateCase.navigateToCase@3098cf3b]" started-at="2021-01-14T15:29:14Z" name="afterSuite" finished-at="2021-01-14T15:29:15Z" duration-ms="1156" status="PASS">
          <reporter-output>
          </reporter-output>
        </test-method> <!-- afterSuite -->
      </class> <!-- CreateCase.navigateToCase -->
    </test> <!-- Test -->
  </suite> <!-- Suite -->
</testng-results>
